<?xml version="1.0" encoding="UTF-8"?>
<!-- Generated by org.testng.reporters.JUnitReportReporter -->
<testsuite hostname="DESKTOP-V82BEDM" failures="0" tests="2" name="testCases.FacebookLoginPageTest" time="7.223" errors="0" timestamp="16 Sept 2024 10:51:54 GMT" skipped="0">
  <testcase classname="testCases.FacebookLoginPageTest" name="launchURL" time="1.170"/>
  <testcase classname="testCases.FacebookLoginPageTest" name="pageLogin" time="6.053"/>
</testsuite> <!-- testCases.FacebookLoginPageTest -->
