<?xml version="1.0" encoding="UTF-8"?>
<!-- Generated by org.testng.reporters.JUnitReportReporter -->
<testsuite hostname="DESKTOP-V82BEDM" failures="0" tests="3" name="testCases.SearchPageTest" time="10.953" errors="1" timestamp="19 Sept 2024 01:26:42 GMT" skipped="0">
  <testcase classname="testCases.SearchPageTest" name="launchURL" time="2.859"/>
  <testcase classname="testCases.SearchPageTest" name="pageLogin" time="7.340"/>
  <testcase classname="testCases.SearchPageTest" name="searchFunctionality" time="0.754">
    <error message="class pageActions.GoogleSearchPageActions (in unnamed module @0x5aaa6d82) cannot access class com.sun.tools.javac.util.Assert (in module jdk.compiler) because module jdk.compiler does not export com.sun.tools.javac.util to unnamed module @0x5aaa6d82" type="java.lang.IllegalAccessError">
      <![CDATA[java.lang.IllegalAccessError: class pageActions.GoogleSearchPageActions (in unnamed module @0x5aaa6d82) cannot access class com.sun.tools.javac.util.Assert (in module jdk.compiler) because module jdk.compiler does not export com.sun.tools.javac.util to unnamed module @0x5aaa6d82
	at pageActions.GoogleSearchPageActions.searchFunctionality(GoogleSearchPageActions.java:57)
	at testCases.SearchPageTest.searchFunctionality(SearchPageTest.java:47)
	at java.base/jdk.internal.reflect.DirectMethodHandleAccessor.invoke(DirectMethodHandleAccessor.java:103)
	at java.base/java.lang.reflect.Method.invoke(Method.java:580)
	at org.testng.internal.MethodInvocationHelper.invokeMethod(MethodInvocationHelper.java:108)
	at org.testng.internal.Invoker.invokeMethod(Invoker.java:661)
	at org.testng.internal.Invoker.invokeTestMethod(Invoker.java:869)
	at org.testng.internal.Invoker.invokeTestMethods(Invoker.java:1193)
	at org.testng.internal.TestMethodWorker.invokeTestMethods(TestMethodWorker.java:126)
	at org.testng.internal.TestMethodWorker.run(TestMethodWorker.java:109)
	at org.testng.TestRunner.privateRun(TestRunner.java:744)
	at org.testng.TestRunner.run(TestRunner.java:602)
	at org.testng.SuiteRunner.runTest(SuiteRunner.java:380)
	at org.testng.SuiteRunner.runSequentially(SuiteRunner.java:375)
	at org.testng.SuiteRunner.privateRun(SuiteRunner.java:340)
	at org.testng.SuiteRunner.run(SuiteRunner.java:289)
	at org.testng.SuiteRunnerWorker.runSuite(SuiteRunnerWorker.java:52)
	at org.testng.SuiteRunnerWorker.run(SuiteRunnerWorker.java:86)
	at org.testng.TestNG.runSuitesSequentially(TestNG.java:1301)
	at org.testng.TestNG.runSuitesLocally(TestNG.java:1226)
	at org.testng.TestNG.runSuites(TestNG.java:1144)
	at org.testng.TestNG.run(TestNG.java:1115)
	at org.testng.remote.AbstractRemoteTestNG.run(AbstractRemoteTestNG.java:115)
	at org.testng.remote.RemoteTestNG.initAndRun(RemoteTestNG.java:251)
	at org.testng.remote.RemoteTestNG.main(RemoteTestNG.java:77)
]]>
    </error>
  </testcase> <!-- searchFunctionality -->
</testsuite> <!-- testCases.SearchPageTest -->
