<?xml version="1.0" encoding="UTF-8"?>
<!-- Generated by org.testng.reporters.JUnitReportReporter -->
<testsuite hostname="DESKTOP-V82BEDM" failures="0" tests="2" name="testCases.SearchPageTest" time="9.713" errors="0" timestamp="08 Sept 2024 12:53:00 GMT" skipped="0">
  <testcase classname="testCases.SearchPageTest" name="launchURL" time="2.745"/>
  <testcase classname="testCases.SearchPageTest" name="pageLogin" time="6.968"/>
</testsuite> <!-- testCases.SearchPageTest -->
